<?xml version="1.0" encoding="UTF-8"?>
<!-- Generated by org.testng.reporters.JUnitXMLReporter -->
<testsuite hostname="DESKTOP-V241QNB" ignored="0" name="Surefire test" tests="3" failures="0" timestamp="2021-07-03T00:10:59 IST" time="10.911" errors="0">
  <testcase name="auto_suggest_dropdown_test" time="2.178" classname="testmaven.LoginTest"/>
  <testcase name="static_select_test" time="0.527" classname="testmaven.LoginTest"/>
  <testcase name="updated_dropdown_test" time="2.438" classname="testmaven.LoginTest"/>
</testsuite> <!-- Surefire test -->
