<?xml version="1.0" encoding="UTF-8"?>
<!-- Generated by org.testng.reporters.JUnitXMLReporter -->
<testsuite hostname="DESKTOP-V241QNB" ignored="0" name="Surefire test" tests="3" failures="0" timestamp="2021-07-02T23:31:41 IST" time="10.566" errors="0">
  <testcase name="auto_suggest_dropdown_test" time="2.157" classname="testmaven.LoginTest"/>
  <testcase name="static_select_test" time="0.313" classname="testmaven.LoginTest"/>
  <testcase name="updated_dropdown_test" time="2.257" classname="testmaven.LoginTest"/>
</testsuite> <!-- Surefire test -->
