<?xml version="1.0" encoding="UTF-8"?>
<testng-results skipped="0" failed="0" ignored="0" total="3" passed="3">
  <reporter-output>
  </reporter-output>
  <suite name="Surefire suite" duration-ms="10566" started-at="2021-07-02T23:31:30 IST" finished-at="2021-07-02T23:31:41 IST">
    <groups>
    </groups>
    <test name="Surefire test" duration-ms="10566" started-at="2021-07-02T23:31:30 IST" finished-at="2021-07-02T23:31:41 IST">
      <class name="testmaven.LoginTest">
        <test-method status="PASS" signature="setup()[pri:0, instance:testmaven.LoginTest@7cd62f43]" name="setup" is-config="true" duration-ms="5774" started-at="2021-07-02T23:31:30 IST" finished-at="2021-07-02T23:31:36 IST">
          <reporter-output>
          </reporter-output>
        </test-method> <!-- setup -->
        <test-method status="PASS" signature="auto_suggest_dropdown_test()[pri:0, instance:testmaven.LoginTest@7cd62f43]" name="auto_suggest_dropdown_test" duration-ms="2157" started-at="2021-07-02T23:31:36 IST" finished-at="2021-07-02T23:31:38 IST">
          <reporter-output>
          </reporter-output>
        </test-method> <!-- auto_suggest_dropdown_test -->
        <test-method status="PASS" signature="static_select_test()[pri:0, instance:testmaven.LoginTest@7cd62f43]" name="static_select_test" duration-ms="313" started-at="2021-07-02T23:31:38 IST" finished-at="2021-07-02T23:31:39 IST">
          <reporter-output>
          </reporter-output>
        </test-method> <!-- static_select_test -->
        <test-method status="PASS" signature="updated_dropdown_test()[pri:0, instance:testmaven.LoginTest@7cd62f43]" name="updated_dropdown_test" duration-ms="2257" started-at="2021-07-02T23:31:39 IST" finished-at="2021-07-02T23:31:41 IST">
          <reporter-output>
          </reporter-output>
        </test-method> <!-- updated_dropdown_test -->
        <test-method status="PASS" signature="cleanup()[pri:0, instance:testmaven.LoginTest@7cd62f43]" name="cleanup" is-config="true" duration-ms="30" started-at="2021-07-02T23:31:41 IST" finished-at="2021-07-02T23:31:41 IST">
          <reporter-output>
          </reporter-output>
        </test-method> <!-- cleanup -->
      </class> <!-- testmaven.LoginTest -->
    </test> <!-- Surefire test -->
  </suite> <!-- Surefire suite -->
</testng-results>
